==================================================
中매체 "문재인 진지하게 상대할 인물…韓특사단 방중 예상"
클리앙 1번째 글 크롤링 완료
==================================================
문제많은 문재인~
클리앙 2번째 글 크롤링 완료
==================================================
클량 안드앱 출시 되었네요.
클리앙 3번째 글 크롤링 완료
==================================================
표현의 자유를 중요시 여기는 더민주가 과연 일베를 어떻게 대처할까..걱정되네요
클리앙 4번째 글 크롤링 완료
==================================================
이제 연합뉴스 속보가 기다려 지는군요
클리앙 5번째 글 크롤링 완료
==================================================
18대 대통령 취임식 때 당시 문재인 의원 불참했네요
클리앙 6번째 글 크롤링 완료
==================================================
MBC 정상화 수순은 어떤 절차로 진행될까요
클리앙 7번째 글 크롤링 완료
==================================================
avira 이상한 팝업이 떠서 지우려구요 -_-
클리앙 8번째 글 크롤링 완료
==================================================
제가 말이죠 문재인대통령보다 더 좋은게 있더군요
클리앙 9번째 글 크롤링 완료
==================================================
그나저나 은수미 의원님 미쿠냥 코스프레는 어떻게 되는건가요 ?
클리앙 10번째 글 크롤링 완료
==================================================
조선일보 기사의 댓글을 보면...
클리앙 11번째 글 크롤링 완료
==================================================
어쩌다보니 네이버 기사 베댓이 됬네요;;
클리앙 12번째 글 크롤링 완료
==================================================
교육부 외교부 국방부는 탈탈 털어야죠
클리앙 13번째 글 크롤링 완료
==================================================
취임식에 후보가 참석 안했다고 인성이 어쩌고 하는건
클리앙 14번째 글 크롤링 완료
--------------------------------------------------
도착
보배드림1번째 글 크롤링 완료
==================================================
국민의당 "安후보 사퇴하라는 송영길, 졸부 갑질"
클리앙 15번째 글 크롤링 완료
==================================================
심상정은 당사에서 티비로 취임식 본건가요?
클리앙 16번째 글 크롤링 완료
==================================================
노무현 대통령이 통일부장관으로 영입하려고 했던 인물이 누군지 아세요?
클리앙 17번째 글 크롤링 완료
==================================================
이명박근혜 최고로 부끄럽던 짤 둘...
클리앙 18번째 글 크롤링 완료
==================================================
의령군 ㅊㅈ.gif
클리앙 19번째 글 크롤링 완료
==================================================
와우~유승민 다시보게 되네요...
클리앙 20번째 글 크롤링 완료
==================================================
아직도 "문재인 대통령"이라고 들으면 가슴이 찡합니다.
클리앙 21번째 글 크롤링 완료
==================================================
클리앙 목록으로 가는 버튼은 페이지 어디 있었든 첫페이지 목록으로 점프하네요.ㅡ,,ㅡ
클리앙 22번째 글 크롤링 완료
==================================================
대한민국의 향후 정치 전망은 수꼴세력이 무기력함을 느끼게 될거라 봅니다.
클리앙 23번째 글 크롤링 완료
==================================================
인터넷방송은 봐도 봐도 신기하네요
클리앙 24번째 글 크롤링 완료
==================================================
트럼프 특검 주장하는 공화당 의원들이 늘어나기 시작했다.
클리앙 25번째 글 크롤링 완료
--------------------------------------------------
경품을 중고제품으로 주는데 어떻게 생각하시나요
보배드림2번째 글 크롤링 완료
--------------------------------------------------
재밋는거발견했네요
보배드림3번째 글 크롤링 완료
--------------------------------------------------
일베들 웬만하면 이해하려고하는 한사람으로서.
보배드림4번째 글 크롤링 완료
--------------------------------------------------
문재인대통령 욕한거 고소안되나요?
보배드림5번째 글 크롤링 완료
--------------------------------------------------
수출 중고차 문의관련
보배드림6번째 글 크롤링 완료
--------------------------------------------------
충청도 개그
보배드림7번째 글 크롤링 완료
--------------------------------------------------
뉴 레인지로버 보구 구합니다(개인 직거래 원합니다^^~)
보배드림8번째 글 크롤링 완료
--------------------------------------------------
기념으로 그려보았습니다
보배드림9번째 글 크롤링 완료
--------------------------------------------------
19살 출퇴근중고차추천좀요
보배드림10번째 글 크롤링 완료
--------------------------------------------------
컴맹 조립식컴터 견적 사기인가요ㅠㅠ
보배드림11번째 글 크롤링 완료
==================================================
무거운 머리카락.gif
클리앙 26번째 글 크롤링 완료
==================================================
토우 미사일 피하는 방법.gif
클리앙 27번째 글 크롤링 완료
==================================================
오바마 전 대통령 위안부 관련 잘못 알고 계시는데
클리앙 28번째 글 크롤링 완료
==================================================
대륙 사극 근황.gif
클리앙 29번째 글 크롤링 완료
==================================================
어제 들었던 말중 제일 황당한 말.txt
클리앙 30번째 글 크롤링 완료
--------------------------------------------------
부산 범천동에서 C63AMG 차량을 도난당했습니다.
보배드림12번째 글 크롤링 완료
--------------------------------------------------
여기가 보배드림인가요
보배드림13번째 글 크롤링 완료
--------------------------------------------------
GPS
보배드림14번째 글 크롤링 완료
--------------------------------------------------
법쪽에 있으심 형님들..때인돈에 관한 조언좀 부탁드립니다.
보배드림15번째 글 크롤링 완료
--------------------------------------------------
재인이형이 경유값 올린다는데
보배드림16번째 글 크롤링 완료
--------------------------------------------------
사고난 줄 모르고 그냥 왔는데 블박 보니... 뒤로 뺐더라구요;
보배드림17번째 글 크롤링 완료
--------------------------------------------------
이게뭐냐ㅋ
보배드림18번째 글 크롤링 완료
--------------------------------------------------
보배형님들 작은 쇼핑몰 창업해보려합니다.. 조언좀 부탁드려요
보배드림19번째 글 크롤링 완료
--------------------------------------------------
월급날이네요
보배드림20번째 글 크롤링 완료
--------------------------------------------------
사나이는
보배드림21번째 글 크롤링 완료
--------------------------------------------------
머플러 불법개조 신고했습니다 그런데
보배드림22번째 글 크롤링 완료
--------------------------------------------------
굿나잇
보배드림23번째 글 크롤링 완료
--------------------------------------------------
ㅆㅂ 정은아. 하나만 묻자.
보배드림24번째 글 크롤링 완료
--------------------------------------------------
죄송합니다...
보배드림25번째 글 크롤링 완료
--------------------------------------------------
흔한 쓰리 솔로의 단톡방,,,
보배드림26번째 글 크롤링 완료
--------------------------------------------------
굿나잇!
보배드림27번째 글 크롤링 완료
--------------------------------------------------
선물 받은걸 유게에 올렸네요.
보배드림28번째 글 크롤링 완료
--------------------------------------------------
아..
보배드림29번째 글 크롤링 완료
--------------------------------------------------
신차 주행거리 문의
보배드림30번째 글 크롤링 완료
